#
# There is insufficient memory for the Java Runtime Environment to continue.
# Native memory allocation (malloc) failed to allocate 32744 bytes for ChunkPool::allocate
# Possible reasons:
#   The system is out of physical RAM or swap space
#   In 32 bit mode, the process size limit was hit
# Possible solutions:
#   Reduce memory load on the system
#   Increase physical memory or swap space
#   Check if swap backing store is full
#   Use 64 bit Java on a 64 bit OS
#   Decrease Java heap size (-Xmx/-Xms)
#   Decrease number of Java threads
#   Decrease Java thread stack sizes (-Xss)
#   Set larger code cache with -XX:ReservedCodeCacheSize=
# This output file may be truncated or incomplete.
#
#  Out of Memory Error (allocation.cpp:273), pid=13852, tid=14596
#
# JRE version: Java(TM) SE Runtime Environment (8.0_40-b26) (build 1.8.0_40-b26)
# Java VM: Java HotSpot(TM) 64-Bit Server VM (25.40-b25 mixed mode windows-amd64 compressed oops)
# Failed to write core dump. Minidumps are not enabled by default on client versions of Windows
#

---------------  T H R E A D  ---------------

Current thread (0x000000005481e800):  JavaThread "C2 CompilerThread1" daemon [_thread_in_native, id=14596, stack(0x00000000572e0000,0x00000000573e0000)]

Stack: [0x00000000572e0000,0x00000000573e0000],  sp=0x00000000573df1f0,  free space=1020k
Native frames: (J=compiled Java code, j=interpreted, Vv=VM code, C=native code)
V  [jvm.dll+0x32b47a]


Current CompileTask:
C2:    277  776       4      
[error occurred during error reporting (printing current compile task), id 0xe0000001]


---------------  P R O C E S S  ---------------

Java Threads: ( => current thread )
  0x0000000057648000 JavaThread "pool-1-thread-4" [_thread_blocked, id=7300, stack(0x0000000057d00000,0x0000000057e00000)]
  0x0000000057643800 JavaThread "pool-1-thread-3" [_thread_blocked, id=9224, stack(0x00000000581a0000,0x00000000582a0000)]
  0x00000000575d1800 JavaThread "pool-1-thread-2" [_thread_blocked, id=4276, stack(0x0000000058050000,0x0000000058150000)]
  0x00000000575c8000 JavaThread "pool-2-thread-1" [_thread_blocked, id=16804, stack(0x0000000057ed0000,0x0000000057fd0000)]
  0x00000000575c2800 JavaThread "pool-1-thread-1" [_thread_blocked, id=12136, stack(0x0000000057980000,0x0000000057a80000)]
  0x0000000057455800 JavaThread "Service Thread" daemon [_thread_blocked, id=12648, stack(0x0000000057ae0000,0x0000000057be0000)]
  0x00000000573e0800 JavaThread "C1 CompilerThread2" daemon [_thread_in_native, id=4872, stack(0x00000000577f0000,0x00000000578f0000)]
=>0x000000005481e800 JavaThread "C2 CompilerThread1" daemon [_thread_in_native, id=14596, stack(0x00000000572e0000,0x00000000573e0000)]
  0x0000000054817000 JavaThread "C2 CompilerThread0" daemon [_thread_in_native, id=6684, stack(0x0000000056960000,0x0000000056a60000)]
  0x0000000054813800 JavaThread "Attach Listener" daemon [_thread_blocked, id=8616, stack(0x0000000057180000,0x0000000057280000)]
  0x0000000054811000 JavaThread "Signal Dispatcher" daemon [_thread_blocked, id=3196, stack(0x0000000056fc0000,0x00000000570c0000)]
  0x00000000547b7000 JavaThread "Finalizer" daemon [_thread_blocked, id=868, stack(0x0000000056de0000,0x0000000056ee0000)]
  0x00000000547b0000 JavaThread "Reference Handler" daemon [_thread_blocked, id=10960, stack(0x0000000056c10000,0x0000000056d10000)]
  0x00000000020fe000 JavaThread "main" [_thread_in_native, id=13148, stack(0x0000000002330000,0x0000000002430000)]

Other Threads:
  0x00000000547aa800 VMThread [stack: 0x0000000056a60000,0x0000000056b60000] [id=17152]
  0x0000000057460800 WatcherThread [stack: 0x0000000057c00000,0x0000000057d00000] [id=536]

VM state:not at safepoint (normal execution)

VM Mutex/Monitor currently owned by a thread: None

Heap:
 PSYoungGen      total 76288K, used 21233K [0x00000000eab00000, 0x00000000f0000000, 0x0000000100000000)
  eden space 65536K, 32% used [0x00000000eab00000,0x00000000ebfbc6f0,0x00000000eeb00000)
  from space 10752K, 0% used [0x00000000ef580000,0x00000000ef580000,0x00000000f0000000)
  to   space 10752K, 0% used [0x00000000eeb00000,0x00000000eeb00000,0x00000000ef580000)
 ParOldGen       total 175104K, used 0K [0x00000000c0000000, 0x00000000cab00000, 0x00000000eab00000)
  object space 175104K, 0% used [0x00000000c0000000,0x00000000c0000000,0x00000000cab00000)
 Metaspace       used 5505K, capacity 6704K, committed 6784K, reserved 1056768K
  class space    used 574K, capacity 616K, committed 640K, reserved 1048576K

Card table byte_map: [0x0000000011ac0000,0x0000000011cd0000] byte_map_base: 0x00000000114c0000

Marking Bits: (ParMarkBitMap*) 0x00000000552a4040
 Begin Bits: [0x0000000012420000, 0x0000000013420000)
 End Bits:   [0x0000000013420000, 0x0000000014420000)

Polling page: 0x0000000000130000

CodeCache: size=245760Kb used=2961Kb max_used=2972Kb free=242798Kb
 bounds [0x0000000002700000, 0x00000000029f0000, 0x0000000011700000]
 total_blobs=1051 nmethods=783 adapters=181
 compilation: enabled

Compilation events (10 events):
Event: 0.269 Thread 0x00000000573e0800  787       3       com.android.dx.cf.code.BasicBlocker::addWorkIfNecessary (32 bytes)
Event: 0.269 Thread 0x00000000573e0800 nmethod 787 0x00000000029dbc90 code [0x00000000029dbe20, 0x00000000029dc1f0]
Event: 0.269 Thread 0x00000000573e0800  723       1       com.android.dx.ssa.back.FirstFitLocalCombiningAllocator::access$200 (5 bytes)
Event: 0.269 Thread 0x00000000573e0800 nmethod 723 0x00000000029d0690 code [0x00000000029d07e0, 0x00000000029d08d0]
Event: 0.269 Thread 0x00000000573e0800  790       3       com.android.dx.cf.code.RopperMachine::getSources (264 bytes)
Event: 0.270 Thread 0x00000000573e0800 nmethod 790 0x00000000029de290 code [0x00000000029de8a0, 0x00000000029e30d8]
Event: 0.270 Thread 0x00000000573e0800  789   !   3       com.android.dx.cf.code.RopperMachine::run (1550 bytes)
Event: 0.271 Thread 0x0000000054817000  796       4       java.util.ArrayList::remove (69 bytes)
Event: 0.272 Thread 0x0000000054817000 nmethod 796 0x00000000029db810 code [0x00000000029db960, 0x00000000029dbaf8]
Event: 0.272 Thread 0x0000000054817000  800       4       com.android.dx.ssa.NormalSsaInsn::accept (25 bytes)

GC Heap History (0 events):
No events

Deoptimization events (10 events):
Event: 0.208 Thread 0x0000000057643800 Uncommon trap: reason=speculate_class_check action=maybe_recompile pc=0x00000000028f0158 method=com.android.dx.rop.cst.Constant.compareTo(Lcom/android/dx/rop/cst/Constant;)I @ 29
Event: 0.208 Thread 0x0000000057643800 Uncommon trap: reason=speculate_class_check action=maybe_recompile pc=0x00000000028f0158 method=com.android.dx.rop.cst.Constant.compareTo(Lcom/android/dx/rop/cst/Constant;)I @ 29
Event: 0.208 Thread 0x0000000057643800 Uncommon trap: reason=speculate_class_check action=maybe_recompile pc=0x00000000028f0158 method=com.android.dx.rop.cst.Constant.compareTo(Lcom/android/dx/rop/cst/Constant;)I @ 29
Event: 0.231 Thread 0x0000000057648000 Uncommon trap: reason=unstable_if action=reinterpret pc=0x00000000028f82d4 method=com.android.dx.rop.cst.CstFieldRef.compareTo0(Lcom/android/dx/rop/cst/Constant;)I @ 7
Event: 0.232 Thread 0x00000000575d1800 Uncommon trap: reason=unstable_if action=reinterpret pc=0x0000000002940d18 method=java.util.HashMap.getNode(ILjava/lang/Object;)Ljava/util/HashMap$Node; @ 129
Event: 0.235 Thread 0x00000000575d1800 Uncommon trap: reason=unstable_if action=reinterpret pc=0x000000000289d204 method=com.android.dx.rop.cst.CstFieldRef.compareTo0(Lcom/android/dx/rop/cst/Constant;)I @ 7
Event: 0.267 Thread 0x00000000575c2800 Uncommon trap: reason=class_check action=maybe_recompile pc=0x0000000002996f20 method=com.android.dx.ssa.NormalSsaInsn.accept(Lcom/android/dx/ssa/SsaInsn$Visitor;)V @ 9
Event: 0.267 Thread 0x00000000575c2800 Uncommon trap: reason=class_check action=maybe_recompile pc=0x0000000002996f20 method=com.android.dx.ssa.NormalSsaInsn.accept(Lcom/android/dx/ssa/SsaInsn$Visitor;)V @ 9
Event: 0.267 Thread 0x00000000575c2800 Uncommon trap: reason=class_check action=maybe_recompile pc=0x0000000002996f20 method=com.android.dx.ssa.NormalSsaInsn.accept(Lcom/android/dx/ssa/SsaInsn$Visitor;)V @ 9
Event: 0.267 Thread 0x00000000575c2800 Uncommon trap: reason=class_check action=maybe_recompile pc=0x0000000002996f20 method=com.android.dx.ssa.NormalSsaInsn.accept(Lcom/android/dx/ssa/SsaInsn$Visitor;)V @ 9

Internal exceptions (2 events):
Event: 0.022 Thread 0x00000000020fe000 Exception <a 'java/lang/NoSuchMethodError': Method sun.misc.Unsafe.defineClass(Ljava/lang/String;[BII)Ljava/lang/Class; name or signature does not match> (0x00000000eab0d720) thrown at [D:\re\workspace\8-2-build-windows-amd64-cygwin\jdk8u40\3098\hotspot\srÑþì”ª–?
Event: 0.022 Thread 0x00000000020fe000 Exception <a 'java/lang/NoSuchMethodError': Method sun.misc.Unsafe.prefetchRead(Ljava/lang/Object;J)V name or signature does not match> (0x00000000eab0d9b0) thrown at [D:\re\workspace\8-2-build-windows-amd64-cygwin\jdk8u40\3098\hotspot\src\share\vm\prims\j

Events (10 events):
Event: 0.267 Thread 0x00000000575c2800 Uncommon trap: trap_request=0xffffffde fr.pc=0x0000000002996f20
Event: 0.267 Thread 0x00000000575c2800 DEOPT PACKING pc=0x0000000002996f20 sp=0x0000000057a7eae0
Event: 0.267 Thread 0x00000000575c2800 DEOPT UNPACKING pc=0x000000000274582a sp=0x0000000057a7ea70 mode 2
Event: 0.267 Thread 0x00000000575c2800 Uncommon trap: trap_request=0xffffffde fr.pc=0x0000000002996f20
Event: 0.267 Thread 0x00000000575c2800 DEOPT PACKING pc=0x0000000002996f20 sp=0x0000000057a7eae0
Event: 0.267 Thread 0x00000000575c2800 DEOPT UNPACKING pc=0x000000000274582a sp=0x0000000057a7ea70 mode 2
Event: 0.268 loading class com/android/dx/cf/code/SwitchList
Event: 0.268 loading class com/android/dx/cf/code/SwitchList done
Event: 0.270 Executing VM operation: ForceSafepoint
Event: 0.270 Executing VM operation: ForceSafepoint done


Dynamic libraries:
0x000000013f650000 - 0x000000013f687000 	C:\Program Files\Java\jdk1.8.0_40\bin\java.exe
0x00000000770f0000 - 0x0000000077299000 	C:\Windows\SYSTEM32\ntdll.dll
0x0000000076ed0000 - 0x0000000076fef000 	C:\Windows\system32\kernel32.dll
0x000007fefd0e0000 - 0x000007fefd14c000 	C:\Windows\system32\KERNELBASE.dll
0x000007feff320000 - 0x000007feff3fb000 	C:\Windows\system32\ADVAPI32.dll
0x000007fefdd20000 - 0x000007fefddbf000 	C:\Windows\system32\msvcrt.dll
0x000007fefe180000 - 0x000007fefe19f000 	C:\Windows\SYSTEM32\sechost.dll
0x000007fefd570000 - 0x000007fefd69d000 	C:\Windows\system32\RPCRT4.dll
0x0000000076ff0000 - 0x00000000770ea000 	C:\Windows\system32\USER32.dll
0x000007fefd6a0000 - 0x000007fefd707000 	C:\Windows\system32\GDI32.dll
0x000007fefd530000 - 0x000007fefd53e000 	C:\Windows\system32\LPK.dll
0x000007feff190000 - 0x000007feff259000 	C:\Windows\system32\USP10.dll
0x000007fefa340000 - 0x000007fefa534000 	C:\Windows\WinSxS\amd64_microsoft.windows.common-controls_6595b64144ccf1df_6.0.7601.18837_none_fa3b1e3d17594757\COMCTL32.dll
0x000007feff110000 - 0x000007feff181000 	C:\Windows\system32\SHLWAPI.dll
0x000007fefd540000 - 0x000007fefd56e000 	C:\Windows\system32\IMM32.DLL
0x000007fefdb90000 - 0x000007fefdc99000 	C:\Windows\system32\MSCTF.dll
0x0000000058f90000 - 0x0000000059062000 	C:\Program Files\Java\jdk1.8.0_40\jre\bin\msvcr100.dll
0x0000000054aa0000 - 0x0000000055323000 	C:\Program Files\Java\jdk1.8.0_40\jre\bin\server\jvm.dll
0x000007fef76e0000 - 0x000007fef76e9000 	C:\Windows\system32\WSOCK32.dll
0x000007fefe130000 - 0x000007fefe17d000 	C:\Windows\system32\WS2_32.dll
0x000007fefd710000 - 0x000007fefd718000 	C:\Windows\system32\NSI.dll
0x000007fef9f30000 - 0x000007fef9f6b000 	C:\Windows\system32\WINMM.dll
0x000007fefbdc0000 - 0x000007fefbdcc000 	C:\Windows\system32\VERSION.dll
0x00000000772b0000 - 0x00000000772b7000 	C:\Windows\system32\PSAPI.DLL
0x00000000731f0000 - 0x00000000731ff000 	C:\Program Files\Java\jdk1.8.0_40\jre\bin\verify.dll
0x0000000068930000 - 0x0000000068959000 	C:\Program Files\Java\jdk1.8.0_40\jre\bin\java.dll
0x0000000068910000 - 0x0000000068926000 	C:\Program Files\Java\jdk1.8.0_40\jre\bin\zip.dll
0x000007fefe380000 - 0x000007feff109000 	C:\Windows\system32\SHELL32.dll
0x000007fefd980000 - 0x000007fefdb83000 	C:\Windows\system32\ole32.dll
0x000007fefceb0000 - 0x000007fefcebf000 	C:\Windows\system32\profapi.dll

VM Arguments:
jvm_args: -Xmx1024M -Dfile.encoding=windows-1252 -Duser.country=US -Duser.language=en -Duser.variant 
java_command: com.android.dx.command.Main --dex --num-threads=4 --output C:\Users\Infernous\AndroidStudioProjects\GasTracker\app\build\intermediates\dex\debug C:\Users\Infernous\AndroidStudioProjects\GasTracker\app\build\intermediates\classes\debug C:\Users\Infernous\AndroidStudioProjects\GasTracker\app\build\intermediates\pre-dexed\debug\support-annotations-23.0.1-4db5187317096f23a295446af835a3d47877277e.jar C:\Users\Infernous\AndroidStudioProjects\GasTracker\app\build\intermediates\pre-dexed\debug\internal_impl-23.0.1-5bf52041a2680bc1f6064bf2f9aa8504d188f687.jar C:\Users\Infernous\AndroidStudioProjects\GasTracker\app\build\intermediates\pre-dexed\debug\classes-ce78af2f49db65dee7b0e9efab36949c48d67b62.jar C:\Users\Infernous\AndroidStudioProjects\GasTracker\app\build\intermediates\pre-dexed\debug\classes-0ed81229ab6ce425c1256affdf2f12d8f45fca4d.jar
java_class_path (initial): C:\Users\Infernous\AppData\Local\Android\sdk1\build-tools\23.0.1\lib\dx.jar
Launcher Type: SUN_STANDARD

Environment Variables:
PATH=C:\Python27\;C:\Python27\Scripts;C:\ProgramData\Oracle\Java\javapath;C:\Windows\system32;C:\Windows;C:\Windows\System32\Wbem;C:\Windows\System32\WindowsPowerShell\v1.0\;C:\Program Files (x86)\Git\cmd;C:\Program Files\Java\jdk1.8.0_40\bin;C:\Program Files (x86)\QuickTime\QTSystem\;C:\Program Files (x86)\NVIDIA Corporation\PhysX\Common;C:\Windows\system32\config\systemprofile\.dnx\bin;C:\Program Files\Microsoft DNX\Dnvm\;C:\Program Files (x86)\Windows Kits\8.1\Windows Performance Toolkit\;C:\Program Files (x86)\CMake\bin
USERNAME=Infernous
OS=Windows_NT
PROCESSOR_IDENTIFIER=Intel64 Family 6 Model 58 Stepping 9, GenuineIntel



---------------  S Y S T E M  ---------------

OS: Windows 7 , 64 bit Build 7601 (6.1.7601.18939)

CPU:total 4 (4 cores per cpu, 1 threads per core) family 6 model 58 stepping 9, cmov, cx8, fxsr, mmx, sse, sse2, sse3, ssse3, sse4.1, sse4.2, popcnt, avx, aes, clmul, erms, tsc, tscinvbit, tscinv

Memory: 4k page, physical 16731308k(1951040k free), swap 18826620k(5060k free)

vm_info: Java HotSpot(TM) 64-Bit Server VM (25.40-b25) for windows-amd64 JRE (1.8.0_40-b26), built on Mar  7 2015 13:51:59 by "java_re" with MS VC++ 10.0 (VS2010)

time: Sun Feb 28 20:39:08 2016
elapsed time: 0 seconds (0d 0h 0m 0s)

